<?xml version="1.0" encoding="UTF-8"?>
<testsuite xmlns:xsi="http://www.w3.org/2001/XMLSchema-instance" xsi:noNamespaceSchemaLocation="https://maven.apache.org/surefire/maven-surefire-plugin/xsd/surefire-test-report-3.0.xsd" version="3.0" name="br.com.facol.api_chat_ia.ApiChatIaApplicationTests" time="1.61" tests="1" errors="0" skipped="0" failures="0">
  <properties>
    <property name="java.specification.version" value="21"/>
    <property name="sun.jnu.encoding" value="UTF-8"/>
    <property name="java.class.path" value="/Users/alissonferreira/projects/flutter/chatIA/api_chat_ia/api_chat_ia/target/test-classes:/Users/alissonferreira/projects/flutter/chatIA/api_chat_ia/api_chat_ia/target/classes:/Users/alissonferreira/.m2/repository/org/springframework/boot/spring-boot-starter-web/3.2.3/spring-boot-starter-web-3.2.3.jar:/Users/alissonferreira/.m2/repository/org/springframework/boot/spring-boot-starter/3.2.3/spring-boot-starter-3.2.3.jar:/Users/alissonferreira/.m2/repository/org/springframework/boot/spring-boot/3.2.3/spring-boot-3.2.3.jar:/Users/alissonferreira/.m2/repository/org/springframework/boot/spring-boot-autoconfigure/3.2.3/spring-boot-autoconfigure-3.2.3.jar:/Users/alissonferreira/.m2/repository/org/springframework/boot/spring-boot-starter-logging/3.2.3/spring-boot-starter-logging-3.2.3.jar:/Users/alissonferreira/.m2/repository/ch/qos/logback/logback-classic/1.4.14/logback-classic-1.4.14.jar:/Users/alissonferreira/.m2/repository/ch/qos/logback/logback-core/1.4.14/logback-core-1.4.14.jar:/Users/alissonferreira/.m2/repository/org/apache/logging/log4j/log4j-to-slf4j/2.21.1/log4j-to-slf4j-2.21.1.jar:/Users/alissonferreira/.m2/repository/org/apache/logging/log4j/log4j-api/2.21.1/log4j-api-2.21.1.jar:/Users/alissonferreira/.m2/repository/org/slf4j/jul-to-slf4j/2.0.12/jul-to-slf4j-2.0.12.jar:/Users/alissonferreira/.m2/repository/jakarta/annotation/jakarta.annotation-api/2.1.1/jakarta.annotation-api-2.1.1.jar:/Users/alissonferreira/.m2/repository/org/yaml/snakeyaml/2.2/snakeyaml-2.2.jar:/Users/alissonferreira/.m2/repository/org/springframework/boot/spring-boot-starter-json/3.2.3/spring-boot-starter-json-3.2.3.jar:/Users/alissonferreira/.m2/repository/com/fasterxml/jackson/core/jackson-databind/2.15.4/jackson-databind-2.15.4.jar:/Users/alissonferreira/.m2/repository/com/fasterxml/jackson/core/jackson-annotations/2.15.4/jackson-annotations-2.15.4.jar:/Users/alissonferreira/.m2/repository/com/fasterxml/jackson/core/jackson-core/2.15.4/jackson-core-2.15.4.jar:/Users/alissonferreira/.m2/repository/com/fasterxml/jackson/datatype/jackson-datatype-jdk8/2.15.4/jackson-datatype-jdk8-2.15.4.jar:/Users/alissonferreira/.m2/repository/com/fasterxml/jackson/datatype/jackson-datatype-jsr310/2.15.4/jackson-datatype-jsr310-2.15.4.jar:/Users/alissonferreira/.m2/repository/com/fasterxml/jackson/module/jackson-module-parameter-names/2.15.4/jackson-module-parameter-names-2.15.4.jar:/Users/alissonferreira/.m2/repository/org/springframework/boot/spring-boot-starter-tomcat/3.2.3/spring-boot-starter-tomcat-3.2.3.jar:/Users/alissonferreira/.m2/repository/org/apache/tomcat/embed/tomcat-embed-core/10.1.19/tomcat-embed-core-10.1.19.jar:/Users/alissonferreira/.m2/repository/org/apache/tomcat/embed/tomcat-embed-el/10.1.19/tomcat-embed-el-10.1.19.jar:/Users/alissonferreira/.m2/repository/org/apache/tomcat/embed/tomcat-embed-websocket/10.1.19/tomcat-embed-websocket-10.1.19.jar:/Users/alissonferreira/.m2/repository/org/springframework/spring-web/6.1.4/spring-web-6.1.4.jar:/Users/alissonferreira/.m2/repository/org/springframework/spring-beans/6.1.4/spring-beans-6.1.4.jar:/Users/alissonferreira/.m2/repository/io/micrometer/micrometer-observation/1.12.3/micrometer-observation-1.12.3.jar:/Users/alissonferreira/.m2/repository/io/micrometer/micrometer-commons/1.12.3/micrometer-commons-1.12.3.jar:/Users/alissonferreira/.m2/repository/org/springframework/spring-webmvc/6.1.4/spring-webmvc-6.1.4.jar:/Users/alissonferreira/.m2/repository/org/springframework/spring-aop/6.1.4/spring-aop-6.1.4.jar:/Users/alissonferreira/.m2/repository/org/springframework/spring-context/6.1.4/spring-context-6.1.4.jar:/Users/alissonferreira/.m2/repository/org/springframework/spring-expression/6.1.4/spring-expression-6.1.4.jar:/Users/alissonferreira/.m2/repository/org/springframework/boot/spring-boot-starter-test/3.2.3/spring-boot-starter-test-3.2.3.jar:/Users/alissonferreira/.m2/repository/org/springframework/boot/spring-boot-test/3.2.3/spring-boot-test-3.2.3.jar:/Users/alissonferreira/.m2/repository/org/springframework/boot/spring-boot-test-autoconfigure/3.2.3/spring-boot-test-autoconfigure-3.2.3.jar:/Users/alissonferreira/.m2/repository/com/jayway/jsonpath/json-path/2.9.0/json-path-2.9.0.jar:/Users/alissonferreira/.m2/repository/org/slf4j/slf4j-api/2.0.12/slf4j-api-2.0.12.jar:/Users/alissonferreira/.m2/repository/jakarta/xml/bind/jakarta.xml.bind-api/4.0.1/jakarta.xml.bind-api-4.0.1.jar:/Users/alissonferreira/.m2/repository/jakarta/activation/jakarta.activation-api/2.1.2/jakarta.activation-api-2.1.2.jar:/Users/alissonferreira/.m2/repository/net/minidev/json-smart/2.5.0/json-smart-2.5.0.jar:/Users/alissonferreira/.m2/repository/net/minidev/accessors-smart/2.5.0/accessors-smart-2.5.0.jar:/Users/alissonferreira/.m2/repository/org/ow2/asm/asm/9.3/asm-9.3.jar:/Users/alissonferreira/.m2/repository/org/assertj/assertj-core/3.24.2/assertj-core-3.24.2.jar:/Users/alissonferreira/.m2/repository/net/bytebuddy/byte-buddy/1.14.12/byte-buddy-1.14.12.jar:/Users/alissonferreira/.m2/repository/org/awaitility/awaitility/4.2.0/awaitility-4.2.0.jar:/Users/alissonferreira/.m2/repository/org/hamcrest/hamcrest/2.2/hamcrest-2.2.jar:/Users/alissonferreira/.m2/repository/org/junit/jupiter/junit-jupiter/5.10.2/junit-jupiter-5.10.2.jar:/Users/alissonferreira/.m2/repository/org/junit/jupiter/junit-jupiter-api/5.10.2/junit-jupiter-api-5.10.2.jar:/Users/alissonferreira/.m2/repository/org/opentest4j/opentest4j/1.3.0/opentest4j-1.3.0.jar:/Users/alissonferreira/.m2/repository/org/junit/platform/junit-platform-commons/1.10.2/junit-platform-commons-1.10.2.jar:/Users/alissonferreira/.m2/repository/org/apiguardian/apiguardian-api/1.1.2/apiguardian-api-1.1.2.jar:/Users/alissonferreira/.m2/repository/org/junit/jupiter/junit-jupiter-params/5.10.2/junit-jupiter-params-5.10.2.jar:/Users/alissonferreira/.m2/repository/org/junit/jupiter/junit-jupiter-engine/5.10.2/junit-jupiter-engine-5.10.2.jar:/Users/alissonferreira/.m2/repository/org/junit/platform/junit-platform-engine/1.10.2/junit-platform-engine-1.10.2.jar:/Users/alissonferreira/.m2/repository/org/mockito/mockito-core/5.7.0/mockito-core-5.7.0.jar:/Users/alissonferreira/.m2/repository/net/bytebuddy/byte-buddy-agent/1.14.12/byte-buddy-agent-1.14.12.jar:/Users/alissonferreira/.m2/repository/org/objenesis/objenesis/3.3/objenesis-3.3.jar:/Users/alissonferreira/.m2/repository/org/mockito/mockito-junit-jupiter/5.7.0/mockito-junit-jupiter-5.7.0.jar:/Users/alissonferreira/.m2/repository/org/skyscreamer/jsonassert/1.5.1/jsonassert-1.5.1.jar:/Users/alissonferreira/.m2/repository/com/vaadin/external/google/android-json/0.0.20131108.vaadin1/android-json-0.0.20131108.vaadin1.jar:/Users/alissonferreira/.m2/repository/org/springframework/spring-core/6.1.4/spring-core-6.1.4.jar:/Users/alissonferreira/.m2/repository/org/springframework/spring-jcl/6.1.4/spring-jcl-6.1.4.jar:/Users/alissonferreira/.m2/repository/org/springframework/spring-test/6.1.4/spring-test-6.1.4.jar:/Users/alissonferreira/.m2/repository/org/xmlunit/xmlunit-core/2.9.1/xmlunit-core-2.9.1.jar:/Users/alissonferreira/.m2/repository/org/springframework/ai/spring-ai-ollama-spring-boot-starter/0.8.0/spring-ai-ollama-spring-boot-starter-0.8.0.jar:/Users/alissonferreira/.m2/repository/org/springframework/ai/spring-ai-spring-boot-autoconfigure/0.8.0/spring-ai-spring-boot-autoconfigure-0.8.0.jar:/Users/alissonferreira/.m2/repository/io/netty/netty-codec-http2/4.1.107.Final/netty-codec-http2-4.1.107.Final.jar:/Users/alissonferreira/.m2/repository/io/netty/netty-common/4.1.107.Final/netty-common-4.1.107.Final.jar:/Users/alissonferreira/.m2/repository/io/netty/netty-buffer/4.1.107.Final/netty-buffer-4.1.107.Final.jar:/Users/alissonferreira/.m2/repository/io/netty/netty-transport/4.1.107.Final/netty-transport-4.1.107.Final.jar:/Users/alissonferreira/.m2/repository/io/netty/netty-resolver/4.1.107.Final/netty-resolver-4.1.107.Final.jar:/Users/alissonferreira/.m2/repository/io/netty/netty-codec/4.1.107.Final/netty-codec-4.1.107.Final.jar:/Users/alissonferreira/.m2/repository/io/netty/netty-handler/4.1.107.Final/netty-handler-4.1.107.Final.jar:/Users/alissonferreira/.m2/repository/io/netty/netty-transport-native-unix-common/4.1.107.Final/netty-transport-native-unix-common-4.1.107.Final.jar:/Users/alissonferreira/.m2/repository/io/netty/netty-codec-http/4.1.107.Final/netty-codec-http-4.1.107.Final.jar:/Users/alissonferreira/.m2/repository/redis/clients/jedis/5.0.2/jedis-5.0.2.jar:/Users/alissonferreira/.m2/repository/org/apache/commons/commons-pool2/2.12.0/commons-pool2-2.12.0.jar:/Users/alissonferreira/.m2/repository/org/json/json/20231013/json-20231013.jar:/Users/alissonferreira/.m2/repository/com/google/code/gson/gson/2.10.1/gson-2.10.1.jar:/Users/alissonferreira/.m2/repository/org/springframework/ai/spring-ai-ollama/0.8.0/spring-ai-ollama-0.8.0.jar:/Users/alissonferreira/.m2/repository/org/springframework/ai/spring-ai-core/0.8.0/spring-ai-core-0.8.0.jar:/Users/alissonferreira/.m2/repository/org/springframework/cloud/spring-cloud-function-context/4.1.0/spring-cloud-function-context-4.1.0.jar:/Users/alissonferreira/.m2/repository/net/jodah/typetools/0.6.2/typetools-0.6.2.jar:/Users/alissonferreira/.m2/repository/org/springframework/cloud/spring-cloud-function-core/4.1.0/spring-cloud-function-core-4.1.0.jar:/Users/alissonferreira/.m2/repository/org/antlr/stringtemplate/4.0.2/stringtemplate-4.0.2.jar:/Users/alissonferreira/.m2/repository/org/antlr/antlr-runtime/3.3/antlr-runtime-3.3.jar:/Users/alissonferreira/.m2/repository/org/antlr/antlr4-runtime/4.13.1/antlr4-runtime-4.13.1.jar:/Users/alissonferreira/.m2/repository/io/projectreactor/reactor-core/3.6.3/reactor-core-3.6.3.jar:/Users/alissonferreira/.m2/repository/org/reactivestreams/reactive-streams/1.0.4/reactive-streams-1.0.4.jar:/Users/alissonferreira/.m2/repository/org/springframework/spring-messaging/6.1.4/spring-messaging-6.1.4.jar:/Users/alissonferreira/.m2/repository/com/knuddels/jtokkit/1.0.0/jtokkit-1.0.0.jar:/Users/alissonferreira/.m2/repository/com/github/victools/jsonschema-generator/4.31.1/jsonschema-generator-4.31.1.jar:/Users/alissonferreira/.m2/repository/com/fasterxml/classmate/1.6.0/classmate-1.6.0.jar:/Users/alissonferreira/.m2/repository/com/github/victools/jsonschema-module-jackson/4.31.1/jsonschema-module-jackson-4.31.1.jar:/Users/alissonferreira/.m2/repository/org/springframework/spring-webflux/6.1.4/spring-webflux-6.1.4.jar:"/>
    <property name="java.vm.vendor" value="Amazon.com Inc."/>
    <property name="sun.arch.data.model" value="64"/>
    <property name="java.vendor.url" value="https://aws.amazon.com/corretto/"/>
    <property name="user.timezone" value="America/Recife"/>
    <property name="os.name" value="Mac OS X"/>
    <property name="java.vm.specification.version" value="21"/>
    <property name="sun.java.launcher" value="SUN_STANDARD"/>
    <property name="user.country" value="BR"/>
    <property name="sun.boot.library.path" value="/Users/alissonferreira/.sdkman/candidates/java/21.0.6-amzn/lib"/>
    <property name="sun.java.command" value="/Users/alissonferreira/projects/flutter/chatIA/api_chat_ia/api_chat_ia/target/surefire/surefirebooter-20250423200858065_3.jar /Users/alissonferreira/projects/flutter/chatIA/api_chat_ia/api_chat_ia/target/surefire 2025-04-23T20-08-56_756-jvmRun1 surefire-20250423200858065_1tmp surefire_0-20250423200858065_2tmp"/>
    <property name="http.nonProxyHosts" value="local|*.local|169.254/16|*.169.254/16"/>
    <property name="jdk.debug" value="release"/>
    <property name="surefire.test.class.path" value="/Users/alissonferreira/projects/flutter/chatIA/api_chat_ia/api_chat_ia/target/test-classes:/Users/alissonferreira/projects/flutter/chatIA/api_chat_ia/api_chat_ia/target/classes:/Users/alissonferreira/.m2/repository/org/springframework/boot/spring-boot-starter-web/3.2.3/spring-boot-starter-web-3.2.3.jar:/Users/alissonferreira/.m2/repository/org/springframework/boot/spring-boot-starter/3.2.3/spring-boot-starter-3.2.3.jar:/Users/alissonferreira/.m2/repository/org/springframework/boot/spring-boot/3.2.3/spring-boot-3.2.3.jar:/Users/alissonferreira/.m2/repository/org/springframework/boot/spring-boot-autoconfigure/3.2.3/spring-boot-autoconfigure-3.2.3.jar:/Users/alissonferreira/.m2/repository/org/springframework/boot/spring-boot-starter-logging/3.2.3/spring-boot-starter-logging-3.2.3.jar:/Users/alissonferreira/.m2/repository/ch/qos/logback/logback-classic/1.4.14/logback-classic-1.4.14.jar:/Users/alissonferreira/.m2/repository/ch/qos/logback/logback-core/1.4.14/logback-core-1.4.14.jar:/Users/alissonferreira/.m2/repository/org/apache/logging/log4j/log4j-to-slf4j/2.21.1/log4j-to-slf4j-2.21.1.jar:/Users/alissonferreira/.m2/repository/org/apache/logging/log4j/log4j-api/2.21.1/log4j-api-2.21.1.jar:/Users/alissonferreira/.m2/repository/org/slf4j/jul-to-slf4j/2.0.12/jul-to-slf4j-2.0.12.jar:/Users/alissonferreira/.m2/repository/jakarta/annotation/jakarta.annotation-api/2.1.1/jakarta.annotation-api-2.1.1.jar:/Users/alissonferreira/.m2/repository/org/yaml/snakeyaml/2.2/snakeyaml-2.2.jar:/Users/alissonferreira/.m2/repository/org/springframework/boot/spring-boot-starter-json/3.2.3/spring-boot-starter-json-3.2.3.jar:/Users/alissonferreira/.m2/repository/com/fasterxml/jackson/core/jackson-databind/2.15.4/jackson-databind-2.15.4.jar:/Users/alissonferreira/.m2/repository/com/fasterxml/jackson/core/jackson-annotations/2.15.4/jackson-annotations-2.15.4.jar:/Users/alissonferreira/.m2/repository/com/fasterxml/jackson/core/jackson-core/2.15.4/jackson-core-2.15.4.jar:/Users/alissonferreira/.m2/repository/com/fasterxml/jackson/datatype/jackson-datatype-jdk8/2.15.4/jackson-datatype-jdk8-2.15.4.jar:/Users/alissonferreira/.m2/repository/com/fasterxml/jackson/datatype/jackson-datatype-jsr310/2.15.4/jackson-datatype-jsr310-2.15.4.jar:/Users/alissonferreira/.m2/repository/com/fasterxml/jackson/module/jackson-module-parameter-names/2.15.4/jackson-module-parameter-names-2.15.4.jar:/Users/alissonferreira/.m2/repository/org/springframework/boot/spring-boot-starter-tomcat/3.2.3/spring-boot-starter-tomcat-3.2.3.jar:/Users/alissonferreira/.m2/repository/org/apache/tomcat/embed/tomcat-embed-core/10.1.19/tomcat-embed-core-10.1.19.jar:/Users/alissonferreira/.m2/repository/org/apache/tomcat/embed/tomcat-embed-el/10.1.19/tomcat-embed-el-10.1.19.jar:/Users/alissonferreira/.m2/repository/org/apache/tomcat/embed/tomcat-embed-websocket/10.1.19/tomcat-embed-websocket-10.1.19.jar:/Users/alissonferreira/.m2/repository/org/springframework/spring-web/6.1.4/spring-web-6.1.4.jar:/Users/alissonferreira/.m2/repository/org/springframework/spring-beans/6.1.4/spring-beans-6.1.4.jar:/Users/alissonferreira/.m2/repository/io/micrometer/micrometer-observation/1.12.3/micrometer-observation-1.12.3.jar:/Users/alissonferreira/.m2/repository/io/micrometer/micrometer-commons/1.12.3/micrometer-commons-1.12.3.jar:/Users/alissonferreira/.m2/repository/org/springframework/spring-webmvc/6.1.4/spring-webmvc-6.1.4.jar:/Users/alissonferreira/.m2/repository/org/springframework/spring-aop/6.1.4/spring-aop-6.1.4.jar:/Users/alissonferreira/.m2/repository/org/springframework/spring-context/6.1.4/spring-context-6.1.4.jar:/Users/alissonferreira/.m2/repository/org/springframework/spring-expression/6.1.4/spring-expression-6.1.4.jar:/Users/alissonferreira/.m2/repository/org/springframework/boot/spring-boot-starter-test/3.2.3/spring-boot-starter-test-3.2.3.jar:/Users/alissonferreira/.m2/repository/org/springframework/boot/spring-boot-test/3.2.3/spring-boot-test-3.2.3.jar:/Users/alissonferreira/.m2/repository/org/springframework/boot/spring-boot-test-autoconfigure/3.2.3/spring-boot-test-autoconfigure-3.2.3.jar:/Users/alissonferreira/.m2/repository/com/jayway/jsonpath/json-path/2.9.0/json-path-2.9.0.jar:/Users/alissonferreira/.m2/repository/org/slf4j/slf4j-api/2.0.12/slf4j-api-2.0.12.jar:/Users/alissonferreira/.m2/repository/jakarta/xml/bind/jakarta.xml.bind-api/4.0.1/jakarta.xml.bind-api-4.0.1.jar:/Users/alissonferreira/.m2/repository/jakarta/activation/jakarta.activation-api/2.1.2/jakarta.activation-api-2.1.2.jar:/Users/alissonferreira/.m2/repository/net/minidev/json-smart/2.5.0/json-smart-2.5.0.jar:/Users/alissonferreira/.m2/repository/net/minidev/accessors-smart/2.5.0/accessors-smart-2.5.0.jar:/Users/alissonferreira/.m2/repository/org/ow2/asm/asm/9.3/asm-9.3.jar:/Users/alissonferreira/.m2/repository/org/assertj/assertj-core/3.24.2/assertj-core-3.24.2.jar:/Users/alissonferreira/.m2/repository/net/bytebuddy/byte-buddy/1.14.12/byte-buddy-1.14.12.jar:/Users/alissonferreira/.m2/repository/org/awaitility/awaitility/4.2.0/awaitility-4.2.0.jar:/Users/alissonferreira/.m2/repository/org/hamcrest/hamcrest/2.2/hamcrest-2.2.jar:/Users/alissonferreira/.m2/repository/org/junit/jupiter/junit-jupiter/5.10.2/junit-jupiter-5.10.2.jar:/Users/alissonferreira/.m2/repository/org/junit/jupiter/junit-jupiter-api/5.10.2/junit-jupiter-api-5.10.2.jar:/Users/alissonferreira/.m2/repository/org/opentest4j/opentest4j/1.3.0/opentest4j-1.3.0.jar:/Users/alissonferreira/.m2/repository/org/junit/platform/junit-platform-commons/1.10.2/junit-platform-commons-1.10.2.jar:/Users/alissonferreira/.m2/repository/org/apiguardian/apiguardian-api/1.1.2/apiguardian-api-1.1.2.jar:/Users/alissonferreira/.m2/repository/org/junit/jupiter/junit-jupiter-params/5.10.2/junit-jupiter-params-5.10.2.jar:/Users/alissonferreira/.m2/repository/org/junit/jupiter/junit-jupiter-engine/5.10.2/junit-jupiter-engine-5.10.2.jar:/Users/alissonferreira/.m2/repository/org/junit/platform/junit-platform-engine/1.10.2/junit-platform-engine-1.10.2.jar:/Users/alissonferreira/.m2/repository/org/mockito/mockito-core/5.7.0/mockito-core-5.7.0.jar:/Users/alissonferreira/.m2/repository/net/bytebuddy/byte-buddy-agent/1.14.12/byte-buddy-agent-1.14.12.jar:/Users/alissonferreira/.m2/repository/org/objenesis/objenesis/3.3/objenesis-3.3.jar:/Users/alissonferreira/.m2/repository/org/mockito/mockito-junit-jupiter/5.7.0/mockito-junit-jupiter-5.7.0.jar:/Users/alissonferreira/.m2/repository/org/skyscreamer/jsonassert/1.5.1/jsonassert-1.5.1.jar:/Users/alissonferreira/.m2/repository/com/vaadin/external/google/android-json/0.0.20131108.vaadin1/android-json-0.0.20131108.vaadin1.jar:/Users/alissonferreira/.m2/repository/org/springframework/spring-core/6.1.4/spring-core-6.1.4.jar:/Users/alissonferreira/.m2/repository/org/springframework/spring-jcl/6.1.4/spring-jcl-6.1.4.jar:/Users/alissonferreira/.m2/repository/org/springframework/spring-test/6.1.4/spring-test-6.1.4.jar:/Users/alissonferreira/.m2/repository/org/xmlunit/xmlunit-core/2.9.1/xmlunit-core-2.9.1.jar:/Users/alissonferreira/.m2/repository/org/springframework/ai/spring-ai-ollama-spring-boot-starter/0.8.0/spring-ai-ollama-spring-boot-starter-0.8.0.jar:/Users/alissonferreira/.m2/repository/org/springframework/ai/spring-ai-spring-boot-autoconfigure/0.8.0/spring-ai-spring-boot-autoconfigure-0.8.0.jar:/Users/alissonferreira/.m2/repository/io/netty/netty-codec-http2/4.1.107.Final/netty-codec-http2-4.1.107.Final.jar:/Users/alissonferreira/.m2/repository/io/netty/netty-common/4.1.107.Final/netty-common-4.1.107.Final.jar:/Users/alissonferreira/.m2/repository/io/netty/netty-buffer/4.1.107.Final/netty-buffer-4.1.107.Final.jar:/Users/alissonferreira/.m2/repository/io/netty/netty-transport/4.1.107.Final/netty-transport-4.1.107.Final.jar:/Users/alissonferreira/.m2/repository/io/netty/netty-resolver/4.1.107.Final/netty-resolver-4.1.107.Final.jar:/Users/alissonferreira/.m2/repository/io/netty/netty-codec/4.1.107.Final/netty-codec-4.1.107.Final.jar:/Users/alissonferreira/.m2/repository/io/netty/netty-handler/4.1.107.Final/netty-handler-4.1.107.Final.jar:/Users/alissonferreira/.m2/repository/io/netty/netty-transport-native-unix-common/4.1.107.Final/netty-transport-native-unix-common-4.1.107.Final.jar:/Users/alissonferreira/.m2/repository/io/netty/netty-codec-http/4.1.107.Final/netty-codec-http-4.1.107.Final.jar:/Users/alissonferreira/.m2/repository/redis/clients/jedis/5.0.2/jedis-5.0.2.jar:/Users/alissonferreira/.m2/repository/org/apache/commons/commons-pool2/2.12.0/commons-pool2-2.12.0.jar:/Users/alissonferreira/.m2/repository/org/json/json/20231013/json-20231013.jar:/Users/alissonferreira/.m2/repository/com/google/code/gson/gson/2.10.1/gson-2.10.1.jar:/Users/alissonferreira/.m2/repository/org/springframework/ai/spring-ai-ollama/0.8.0/spring-ai-ollama-0.8.0.jar:/Users/alissonferreira/.m2/repository/org/springframework/ai/spring-ai-core/0.8.0/spring-ai-core-0.8.0.jar:/Users/alissonferreira/.m2/repository/org/springframework/cloud/spring-cloud-function-context/4.1.0/spring-cloud-function-context-4.1.0.jar:/Users/alissonferreira/.m2/repository/net/jodah/typetools/0.6.2/typetools-0.6.2.jar:/Users/alissonferreira/.m2/repository/org/springframework/cloud/spring-cloud-function-core/4.1.0/spring-cloud-function-core-4.1.0.jar:/Users/alissonferreira/.m2/repository/org/antlr/stringtemplate/4.0.2/stringtemplate-4.0.2.jar:/Users/alissonferreira/.m2/repository/org/antlr/antlr-runtime/3.3/antlr-runtime-3.3.jar:/Users/alissonferreira/.m2/repository/org/antlr/antlr4-runtime/4.13.1/antlr4-runtime-4.13.1.jar:/Users/alissonferreira/.m2/repository/io/projectreactor/reactor-core/3.6.3/reactor-core-3.6.3.jar:/Users/alissonferreira/.m2/repository/org/reactivestreams/reactive-streams/1.0.4/reactive-streams-1.0.4.jar:/Users/alissonferreira/.m2/repository/org/springframework/spring-messaging/6.1.4/spring-messaging-6.1.4.jar:/Users/alissonferreira/.m2/repository/com/knuddels/jtokkit/1.0.0/jtokkit-1.0.0.jar:/Users/alissonferreira/.m2/repository/com/github/victools/jsonschema-generator/4.31.1/jsonschema-generator-4.31.1.jar:/Users/alissonferreira/.m2/repository/com/fasterxml/classmate/1.6.0/classmate-1.6.0.jar:/Users/alissonferreira/.m2/repository/com/github/victools/jsonschema-module-jackson/4.31.1/jsonschema-module-jackson-4.31.1.jar:/Users/alissonferreira/.m2/repository/org/springframework/spring-webflux/6.1.4/spring-webflux-6.1.4.jar:"/>
    <property name="sun.cpu.endian" value="little"/>
    <property name="user.home" value="/Users/alissonferreira"/>
    <property name="user.language" value="pt"/>
    <property name="java.specification.vendor" value="Oracle Corporation"/>
    <property name="reactor.schedulers.defaultBoundedElasticOnVirtualThreads" value="true"/>
    <property name="java.version.date" value="2025-01-21"/>
    <property name="java.home" value="/Users/alissonferreira/.sdkman/candidates/java/21.0.6-amzn"/>
    <property name="file.separator" value="/"/>
    <property name="basedir" value="/Users/alissonferreira/projects/flutter/chatIA/api_chat_ia/api_chat_ia"/>
    <property name="java.vm.compressedOopsMode" value="Zero based"/>
    <property name="line.separator" value="&#10;"/>
    <property name="java.vm.specification.vendor" value="Oracle Corporation"/>
    <property name="java.specification.name" value="Java Platform API Specification"/>
    <property name="FILE_LOG_CHARSET" value="UTF-8"/>
    <property name="java.awt.headless" value="true"/>
    <property name="apple.awt.application.name" value="ForkedBooter"/>
    <property name="surefire.real.class.path" value="/Users/alissonferreira/projects/flutter/chatIA/api_chat_ia/api_chat_ia/target/surefire/surefirebooter-20250423200858065_3.jar"/>
    <property name="junit.platform.listeners.uid.tracking.enabled" value="true"/>
    <property name="sun.management.compiler" value="HotSpot 64-Bit Tiered Compilers"/>
    <property name="ftp.nonProxyHosts" value="local|*.local|169.254/16|*.169.254/16"/>
    <property name="junit.platform.listeners.uid.tracking.output.dir" value="/Users/alissonferreira/projects/flutter/chatIA/api_chat_ia/api_chat_ia/target/test-ids"/>
    <property name="java.runtime.version" value="21.0.6+7-LTS"/>
    <property name="user.name" value="alissonferreira"/>
    <property name="stdout.encoding" value="UTF-8"/>
    <property name="path.separator" value=":"/>
    <property name="os.version" value="15.4.1"/>
    <property name="java.runtime.name" value="OpenJDK Runtime Environment"/>
    <property name="file.encoding" value="UTF-8"/>
    <property name="java.vm.name" value="OpenJDK 64-Bit Server VM"/>
    <property name="java.vendor.version" value="Corretto-21.0.6.7.1"/>
    <property name="localRepository" value="/Users/alissonferreira/.m2/repository"/>
    <property name="java.vendor.url.bug" value="https://github.com/corretto/corretto-21/issues/"/>
    <property name="java.io.tmpdir" value="/var/folders/v6/5w65zr8x5n57mzgcy97353_80000gn/T/"/>
    <property name="java.version" value="21.0.6"/>
    <property name="user.dir" value="/Users/alissonferreira/projects/flutter/chatIA/api_chat_ia/api_chat_ia"/>
    <property name="os.arch" value="aarch64"/>
    <property name="java.vm.specification.name" value="Java Virtual Machine Specification"/>
    <property name="PID" value="3419"/>
    <property name="CONSOLE_LOG_CHARSET" value="UTF-8"/>
    <property name="native.encoding" value="UTF-8"/>
    <property name="java.library.path" value="/Users/alissonferreira/Library/Java/Extensions:/Library/Java/Extensions:/Network/Library/Java/Extensions:/System/Library/Java/Extensions:/usr/lib/java:."/>
    <property name="java.vm.info" value="mixed mode, sharing"/>
    <property name="stderr.encoding" value="UTF-8"/>
    <property name="java.vendor" value="Amazon.com Inc."/>
    <property name="java.vm.version" value="21.0.6+7-LTS"/>
    <property name="sun.io.unicode.encoding" value="UnicodeBig"/>
    <property name="socksNonProxyHosts" value="local|*.local|169.254/16|*.169.254/16"/>
    <property name="java.class.version" value="65.0"/>
    <property name="LOGGED_APPLICATION_NAME" value="[api_chat_ia] "/>
  </properties>
  <testcase name="contextLoads" classname="br.com.facol.api_chat_ia.ApiChatIaApplicationTests" time="0.737">
    <system-out><![CDATA[20:08:58.734 [main] INFO org.springframework.test.context.support.AnnotationConfigContextLoaderUtils -- Could not detect default configuration classes for test class [br.com.facol.api_chat_ia.ApiChatIaApplicationTests]: ApiChatIaApplicationTests does not declare any static, non-private, non-final, nested classes annotated with @Configuration.
20:08:58.772 [main] INFO org.springframework.boot.test.context.SpringBootTestContextBootstrapper -- Found @SpringBootConfiguration br.com.facol.api_chat_ia.ApiChatIaApplication for test class br.com.facol.api_chat_ia.ApiChatIaApplicationTests

  .   ____          _            __ _ _
 /\\ / ___'_ __ _ _(_)_ __  __ _ \ \ \ \
( ( )\___ | '_ | '_| | '_ \/ _` | \ \ \ \
 \\/  ___)| |_)| | | | | || (_| |  ) ) ) )
  '  |____| .__|_| |_|_| |_\__, | / / / /
 =========|_|==============|___/=/_/_/_/
 :: Spring Boot ::                (v3.2.3)

2025-04-23T20:08:58.903-03:00  WARN 3419 --- [api_chat_ia] [           main] ory$DuplicateJsonObjectContextCustomizer : 

Found multiple occurrences of org.json.JSONObject on the class path:

	jar:file:/Users/alissonferreira/.m2/repository/com/vaadin/external/google/android-json/0.0.20131108.vaadin1/android-json-0.0.20131108.vaadin1.jar!/org/json/JSONObject.class
	jar:file:/Users/alissonferreira/.m2/repository/org/json/json/20231013/json-20231013.jar!/org/json/JSONObject.class

You may wish to exclude one of them to ensure predictable runtime behavior

2025-04-23T20:08:58.909-03:00  INFO 3419 --- [api_chat_ia] [           main] b.c.f.a.ApiChatIaApplicationTests        : Starting ApiChatIaApplicationTests using Java 21.0.6 with PID 3419 (started by alissonferreira in /Users/alissonferreira/projects/flutter/chatIA/api_chat_ia/api_chat_ia)
2025-04-23T20:08:58.909-03:00  INFO 3419 --- [api_chat_ia] [           main] b.c.f.a.ApiChatIaApplicationTests        : No active profile set, falling back to 1 default profile: "default"
2025-04-23T20:08:59.525-03:00  INFO 3419 --- [api_chat_ia] [           main] b.c.f.a.ApiChatIaApplicationTests        : Started ApiChatIaApplicationTests in 0.703 seconds (process running for 1.287)
]]></system-out>
    <system-err><![CDATA[WARNING: A Java agent has been loaded dynamically (/Users/alissonferreira/.m2/repository/net/bytebuddy/byte-buddy-agent/1.14.12/byte-buddy-agent-1.14.12.jar)
WARNING: If a serviceability tool is in use, please run with -XX:+EnableDynamicAgentLoading to hide this warning
WARNING: If a serviceability tool is not in use, please run with -Djdk.instrument.traceUsage for more information
WARNING: Dynamic loading of agents will be disallowed by default in a future release
]]></system-err>
  </testcase>
</testsuite>